Autotesting Result = 80.5/110, the final cap hasn't been defined yet but will be around 80-90
Test 1-1
GamemodesTest > 1-1 Testing peaceful mode causes player to take no damage FAILED java.lang.NullPointerException: Cannot invoke "dungeonmania.entities.Player.isInvincible()" because "player" is null at dungeonmania.entities.movingEntity.ZombieToast.move(ZombieToast.java:63) at dungeonmania.DungeonManiaController.tick(DungeonManiaController.java:712) at dungeonmania.controllerTest.Utils.tick(Utils.java:20) at dungeonmania.controllerTest.GamemodesTest.testPeacefulNoDamage(GamemodesTest.java:26) FAILURE DONE 1 test completed, 1 failed FAILURE: Build failed with an exception. README.md assumptions-m1.md assumptions-m2.pdf build build.gradle design-m1.pdf design-m2.pdf gradle gradlew gradlew.bat meeting-minutes.md planning-m2.pdf saveDataTemplate.json src What went wrong: Execution failed for task ':test'. > There were failing tests. See the report at: file:///Users/braedonwooding/project-automarking/f11a_celery/build/reports/tests/test/index.html README.md assumptions-m1.md assumptions-m2.pdf build build.gradle design-m1.pdf design-m2.pdf gradle gradlew gradlew.bat meeting-minutes.md planning-m2.pdf saveDataTemplate.json src Try: Run with --stacktrace option to get the stack trace. Run with --info or --debug option to get more log output. Run with --scan to get full insights. README.md assumptions-m1.md assumptions-m2.pdf build build.gradle design-m1.pdf design-m2.pdf gradle gradlew gradlew.bat meeting-minutes.md planning-m2.pdf saveDataTemplate.json src Get more help at https://help.gradle.org BUILD FAILED in 6s
Test 1-2
GamemodesTest > 1-2 Testing zombies spawn every 15 ticks in hard mode FAILED org.opentest4j.AssertionFailedError: expected: <true> but was: <false> at org.junit.jupiter.api.AssertionUtils.fail(AssertionUtils.java:55) at org.junit.jupiter.api.AssertTrue.assertTrue(AssertTrue.java:40) at org.junit.jupiter.api.AssertTrue.assertTrue(AssertTrue.java:35) at org.junit.jupiter.api.Assertions.assertTrue(Assertions.java:179) at dungeonmania.controllerTest.GamemodesTest.testHardZombieSpawning(GamemodesTest.java:48) FAILURE DONE 1 test completed, 1 failed FAILURE: Build failed with an exception. README.md assumptions-m1.md assumptions-m2.pdf build build.gradle design-m1.pdf design-m2.pdf gradle gradlew gradlew.bat meeting-minutes.md planning-m2.pdf saveDataTemplate.json src What went wrong: Execution failed for task ':test'. > There were failing tests. See the report at: file:///Users/braedonwooding/project-automarking/f11a_celery/build/reports/tests/test/index.html README.md assumptions-m1.md assumptions-m2.pdf build build.gradle design-m1.pdf design-m2.pdf gradle gradlew gradlew.bat meeting-minutes.md planning-m2.pdf saveDataTemplate.json src Try: Run with --stacktrace option to get the stack trace. Run with --info or --debug option to get more log output. Run with --scan to get full insights. README.md assumptions-m1.md assumptions-m2.pdf build build.gradle design-m1.pdf design-m2.pdf gradle gradlew gradlew.bat meeting-minutes.md planning-m2.pdf saveDataTemplate.json src Get more help at https://help.gradle.org BUILD FAILED in 6s
Test 1-3
SUCCESS DONE
Test 2-1
SUCCESS DONE
Test 2-2
ZombieTest > 2-2 Testing zombies cannot move through boulders and walls FAILED org.opentest4j.AssertionFailedError: expected: <Position [x=1, y=2, z=3]> but was: <Position [x=1, y=1, z=3]> at org.junit.jupiter.api.AssertionUtils.fail(AssertionUtils.java:55) at org.junit.jupiter.api.AssertionUtils.failNotEqual(AssertionUtils.java:62) at org.junit.jupiter.api.AssertEquals.assertEquals(AssertEquals.java:182) at org.junit.jupiter.api.AssertEquals.assertEquals(AssertEquals.java:177) at org.junit.jupiter.api.Assertions.assertEquals(Assertions.java:1141) at dungeonmania.controllerTest.ZombieTest.testZombieNotMovingThroughBlockingEntities(ZombieTest.java:61) FAILURE DONE 1 test completed, 1 failed FAILURE: Build failed with an exception. README.md assumptions-m1.md assumptions-m2.pdf build build.gradle design-m1.pdf design-m2.pdf gradle gradlew gradlew.bat meeting-minutes.md planning-m2.pdf saveDataTemplate.json src What went wrong: Execution failed for task ':test'. > There were failing tests. See the report at: file:///Users/braedonwooding/project-automarking/f11a_celery/build/reports/tests/test/index.html README.md assumptions-m1.md assumptions-m2.pdf build build.gradle design-m1.pdf design-m2.pdf gradle gradlew gradlew.bat meeting-minutes.md planning-m2.pdf saveDataTemplate.json src Try: Run with --stacktrace option to get the stack trace. Run with --info or --debug option to get more log output. Run with --scan to get full insights. README.md assumptions-m1.md assumptions-m2.pdf build build.gradle design-m1.pdf design-m2.pdf gradle gradlew gradlew.bat meeting-minutes.md planning-m2.pdf saveDataTemplate.json src Get more help at https://help.gradle.org BUILD FAILED in 28s
Test 2-3
ZombieTest > 1-3 Testing zombies spawn with armour intermittently (at least once every 200 ticks) FAILED org.opentest4j.AssertionFailedError: expected: <true> but was: <false> at org.junit.jupiter.api.AssertionUtils.fail(AssertionUtils.java:55) at org.junit.jupiter.api.AssertTrue.assertTrue(AssertTrue.java:40) at org.junit.jupiter.api.AssertTrue.assertTrue(AssertTrue.java:35) at org.junit.jupiter.api.Assertions.assertTrue(Assertions.java:179) at dungeonmania.controllerTest.ZombieTest.testZombiesHaveArmour(ZombieTest.java:86) FAILURE DONE 1 test completed, 1 failed FAILURE: Build failed with an exception. README.md assumptions-m1.md assumptions-m2.pdf build build.gradle design-m1.pdf design-m2.pdf gradle gradlew gradlew.bat meeting-minutes.md planning-m2.pdf saveDataTemplate.json src What went wrong: Execution failed for task ':test'. > There were failing tests. See the report at: file:///Users/braedonwooding/project-automarking/f11a_celery/build/reports/tests/test/index.html README.md assumptions-m1.md assumptions-m2.pdf build build.gradle design-m1.pdf design-m2.pdf gradle gradlew gradlew.bat meeting-minutes.md planning-m2.pdf saveDataTemplate.json src Try: Run with --stacktrace option to get the stack trace. Run with --info or --debug option to get more log output. Run with --scan to get full insights. README.md assumptions-m1.md assumptions-m2.pdf build build.gradle design-m1.pdf design-m2.pdf gradle gradlew gradlew.bat meeting-minutes.md planning-m2.pdf saveDataTemplate.json src Get more help at https://help.gradle.org BUILD FAILED in 7s
Test 2-4
ZombieTest > ZombieSpawnerTest > Testing zombie spawners spawn zombies every 20 ticks FAILED org.opentest4j.AssertionFailedError: expected: <true> but was: <false> at org.junit.jupiter.api.AssertionUtils.fail(AssertionUtils.java:55) at org.junit.jupiter.api.AssertTrue.assertTrue(AssertTrue.java:40) at org.junit.jupiter.api.AssertTrue.assertTrue(AssertTrue.java:35) at org.junit.jupiter.api.Assertions.assertTrue(Assertions.java:179) at dungeonmania.controllerTest.ZombieTest$ZombieSpawnerTest.testZombieSpawning(ZombieTest.java:109) FAILURE DONE 1 test completed, 1 failed FAILURE: Build failed with an exception. README.md assumptions-m1.md assumptions-m2.pdf build build.gradle design-m1.pdf design-m2.pdf gradle gradlew gradlew.bat meeting-minutes.md planning-m2.pdf saveDataTemplate.json src What went wrong: Execution failed for task ':test'. > There were failing tests. See the report at: file:///Users/braedonwooding/project-automarking/f11a_celery/build/reports/tests/test/index.html README.md assumptions-m1.md assumptions-m2.pdf build build.gradle design-m1.pdf design-m2.pdf gradle gradlew gradlew.bat meeting-minutes.md planning-m2.pdf saveDataTemplate.json src Try: Run with --stacktrace option to get the stack trace. Run with --info or --debug option to get more log output. Run with --scan to get full insights. README.md assumptions-m1.md assumptions-m2.pdf build build.gradle design-m1.pdf design-m2.pdf gradle gradlew gradlew.bat meeting-minutes.md planning-m2.pdf saveDataTemplate.json src Get more help at https://help.gradle.org BUILD FAILED in 5s
Test 2-5
SUCCESS DONE
Test 3-1
MercenaryTest > 3-1 Test mercenary spawning FAILED org.opentest4j.AssertionFailedError: expected: <true> but was: <false> at org.junit.jupiter.api.AssertionUtils.fail(AssertionUtils.java:55) at org.junit.jupiter.api.AssertTrue.assertTrue(AssertTrue.java:40) at org.junit.jupiter.api.AssertTrue.assertTrue(AssertTrue.java:35) at org.junit.jupiter.api.Assertions.assertTrue(Assertions.java:179) at dungeonmania.controllerTest.MercenaryTest.testMercenarySpawning(MercenaryTest.java:42) FAILURE DONE 1 test completed, 1 failed FAILURE: Build failed with an exception. README.md assumptions-m1.md assumptions-m2.pdf build build.gradle design-m1.pdf design-m2.pdf gradle gradlew gradlew.bat meeting-minutes.md planning-m2.pdf saveDataTemplate.json src What went wrong: Execution failed for task ':test'. > There were failing tests. See the report at: file:///Users/braedonwooding/project-automarking/f11a_celery/build/reports/tests/test/index.html README.md assumptions-m1.md assumptions-m2.pdf build build.gradle design-m1.pdf design-m2.pdf gradle gradlew gradlew.bat meeting-minutes.md planning-m2.pdf saveDataTemplate.json src Try: Run with --stacktrace option to get the stack trace. Run with --info or --debug option to get more log output. Run with --scan to get full insights. README.md assumptions-m1.md assumptions-m2.pdf build build.gradle design-m1.pdf design-m2.pdf gradle gradlew gradlew.bat meeting-minutes.md planning-m2.pdf saveDataTemplate.json src Get more help at https://help.gradle.org BUILD FAILED in 7s
Test 3-2
MercenaryTest > 3-2 Testing mercenaries cannot move through boulders and walls FAILED org.opentest4j.AssertionFailedError: expected: <Position [x=4, y=2, z=0]> but was: <Position [x=3, y=2, z=3]> at org.junit.jupiter.api.AssertionUtils.fail(AssertionUtils.java:55) at org.junit.jupiter.api.AssertionUtils.failNotEqual(AssertionUtils.java:62) at org.junit.jupiter.api.AssertEquals.assertEquals(AssertEquals.java:182) at org.junit.jupiter.api.AssertEquals.assertEquals(AssertEquals.java:177) at org.junit.jupiter.api.Assertions.assertEquals(Assertions.java:1141) at dungeonmania.controllerTest.MercenaryTest.testMercenaryNotMovingThroughBlockingEntities(MercenaryTest.java:60) FAILURE DONE 1 test completed, 1 failed FAILURE: Build failed with an exception. README.md assumptions-m1.md assumptions-m2.pdf build build.gradle design-m1.pdf design-m2.pdf gradle gradlew gradlew.bat meeting-minutes.md planning-m2.pdf saveDataTemplate.json src What went wrong: Execution failed for task ':test'. > There were failing tests. See the report at: file:///Users/braedonwooding/project-automarking/f11a_celery/build/reports/tests/test/index.html README.md assumptions-m1.md assumptions-m2.pdf build build.gradle design-m1.pdf design-m2.pdf gradle gradlew gradlew.bat meeting-minutes.md planning-m2.pdf saveDataTemplate.json src Try: Run with --stacktrace option to get the stack trace. Run with --info or --debug option to get more log output. Run with --scan to get full insights. README.md assumptions-m1.md assumptions-m2.pdf build build.gradle design-m1.pdf design-m2.pdf gradle gradlew gradlew.bat meeting-minutes.md planning-m2.pdf saveDataTemplate.json src Get more help at https://help.gradle.org BUILD FAILED in 7s
Test 3-3
SUCCESS DONE
Test 3-4
MercenaryTest > Testing mercenaries spawn with armour FAILED org.opentest4j.AssertionFailedError: expected: <true> but was: <false> at org.junit.jupiter.api.AssertionUtils.fail(AssertionUtils.java:55) at org.junit.jupiter.api.AssertTrue.assertTrue(AssertTrue.java:40) at org.junit.jupiter.api.AssertTrue.assertTrue(AssertTrue.java:35) at org.junit.jupiter.api.Assertions.assertTrue(Assertions.java:179) at dungeonmania.controllerTest.MercenaryTest.testMercenarySpawningWithArmour(MercenaryTest.java:113) FAILURE DONE 1 test completed, 1 failed FAILURE: Build failed with an exception. README.md assumptions-m1.md assumptions-m2.pdf build build.gradle design-m1.pdf design-m2.pdf gradle gradlew gradlew.bat meeting-minutes.md planning-m2.pdf saveDataTemplate.json src What went wrong: Execution failed for task ':test'. > There were failing tests. See the report at: file:///Users/braedonwooding/project-automarking/f11a_celery/build/reports/tests/test/index.html README.md assumptions-m1.md assumptions-m2.pdf build build.gradle design-m1.pdf design-m2.pdf gradle gradlew gradlew.bat meeting-minutes.md planning-m2.pdf saveDataTemplate.json src Try: Run with --stacktrace option to get the stack trace. Run with --info or --debug option to get more log output. Run with --scan to get full insights. README.md assumptions-m1.md assumptions-m2.pdf build build.gradle design-m1.pdf design-m2.pdf gradle gradlew gradlew.bat meeting-minutes.md planning-m2.pdf saveDataTemplate.json src Get more help at https://help.gradle.org BUILD FAILED in 7s
Test 4-1
SUCCESS DONE
Test 4-2
SUCCESS DONE
Test 4-3
SUCCESS DONE
Test 4-4
CollectablesTest > 4-4 Test invincibility potions cause enemies to run away FAILED org.opentest4j.AssertionFailedError: expected: <true> but was: <false> at org.junit.jupiter.api.AssertionUtils.fail(AssertionUtils.java:55) at org.junit.jupiter.api.AssertTrue.assertTrue(AssertTrue.java:40) at org.junit.jupiter.api.AssertTrue.assertTrue(AssertTrue.java:35) at org.junit.jupiter.api.Assertions.assertTrue(Assertions.java:179) at dungeonmania.controllerTest.CollectablesTest.testInvincibilityPotion(CollectablesTest.java:114) FAILURE DONE 1 test completed, 1 failed FAILURE: Build failed with an exception. README.md assumptions-m1.md assumptions-m2.pdf build build.gradle design-m1.pdf design-m2.pdf gradle gradlew gradlew.bat meeting-minutes.md planning-m2.pdf saveDataTemplate.json src What went wrong: Execution failed for task ':test'. > There were failing tests. See the report at: file:///Users/braedonwooding/project-automarking/f11a_celery/build/reports/tests/test/index.html README.md assumptions-m1.md assumptions-m2.pdf build build.gradle design-m1.pdf design-m2.pdf gradle gradlew gradlew.bat meeting-minutes.md planning-m2.pdf saveDataTemplate.json src Try: Run with --stacktrace option to get the stack trace. Run with --info or --debug option to get more log output. Run with --scan to get full insights. README.md assumptions-m1.md assumptions-m2.pdf build build.gradle design-m1.pdf design-m2.pdf gradle gradlew gradlew.bat meeting-minutes.md planning-m2.pdf saveDataTemplate.json src Get more help at https://help.gradle.org BUILD FAILED in 5s
Test 5-1
SUCCESS DONE
Test 5-2
SUCCESS DONE
Test 6-1
SUCCESS DONE
Test 6-2
SUCCESS DONE
Test 6-3
SUCCESS DONE
Test 6-4
SUCCESS DONE
Test 6-5
SUCCESS DONE
Test 6-6
SUCCESS DONE
Test 7-1
SUCCESS DONE
Test 7-2
BasicGoalsTest > 7-2 Test a map with an enemies goal, but with no enemies is automatically achieved FAILED org.opentest4j.AssertionFailedError: expected: <> but was: <:enemy> at org.junit.jupiter.api.AssertionUtils.fail(AssertionUtils.java:55) at org.junit.jupiter.api.AssertionUtils.failNotEqual(AssertionUtils.java:62) at org.junit.jupiter.api.AssertEquals.assertEquals(AssertEquals.java:182) at org.junit.jupiter.api.AssertEquals.assertEquals(AssertEquals.java:177) at org.junit.jupiter.api.Assertions.assertEquals(Assertions.java:1141) at dungeonmania.controllerTest.BasicGoalsTest.testEnemyGoalNoEnemies(BasicGoalsTest.java:52) FAILURE DONE 1 test completed, 1 failed FAILURE: Build failed with an exception. README.md assumptions-m1.md assumptions-m2.pdf build build.gradle design-m1.pdf design-m2.pdf gradle gradlew gradlew.bat meeting-minutes.md planning-m2.pdf saveDataTemplate.json src What went wrong: Execution failed for task ':test'. > There were failing tests. See the report at: file:///Users/braedonwooding/project-automarking/f11a_celery/build/reports/tests/test/index.html README.md assumptions-m1.md assumptions-m2.pdf build build.gradle design-m1.pdf design-m2.pdf gradle gradlew gradlew.bat meeting-minutes.md planning-m2.pdf saveDataTemplate.json src Try: Run with --stacktrace option to get the stack trace. Run with --info or --debug option to get more log output. Run with --scan to get full insights. README.md assumptions-m1.md assumptions-m2.pdf build build.gradle design-m1.pdf design-m2.pdf gradle gradlew gradlew.bat meeting-minutes.md planning-m2.pdf saveDataTemplate.json src Get more help at https://help.gradle.org BUILD FAILED in 6s
Test 7-3
SUCCESS DONE
Test 7-4
BasicGoalsTest > 7-4 Test a map with a switch goal, but no switch is automatically achieved FAILED org.opentest4j.AssertionFailedError: expected: <> but was: <:switch> at org.junit.jupiter.api.AssertionUtils.fail(AssertionUtils.java:55) at org.junit.jupiter.api.AssertionUtils.failNotEqual(AssertionUtils.java:62) at org.junit.jupiter.api.AssertEquals.assertEquals(AssertEquals.java:182) at org.junit.jupiter.api.AssertEquals.assertEquals(AssertEquals.java:177) at org.junit.jupiter.api.Assertions.assertEquals(Assertions.java:1141) at dungeonmania.controllerTest.BasicGoalsTest.testSwitchGoalNoSwitch(BasicGoalsTest.java:93) FAILURE DONE 1 test completed, 1 failed FAILURE: Build failed with an exception. README.md assumptions-m1.md assumptions-m2.pdf build build.gradle design-m1.pdf design-m2.pdf gradle gradlew gradlew.bat meeting-minutes.md planning-m2.pdf saveDataTemplate.json src What went wrong: Execution failed for task ':test'. > There were failing tests. See the report at: file:///Users/braedonwooding/project-automarking/f11a_celery/build/reports/tests/test/index.html README.md assumptions-m1.md assumptions-m2.pdf build build.gradle design-m1.pdf design-m2.pdf gradle gradlew gradlew.bat meeting-minutes.md planning-m2.pdf saveDataTemplate.json src Try: Run with --stacktrace option to get the stack trace. Run with --info or --debug option to get more log output. Run with --scan to get full insights. README.md assumptions-m1.md assumptions-m2.pdf build build.gradle design-m1.pdf design-m2.pdf gradle gradlew gradlew.bat meeting-minutes.md planning-m2.pdf saveDataTemplate.json src Get more help at https://help.gradle.org BUILD FAILED in 5s
Test 7-5
SUCCESS DONE
Test 7-6
SUCCESS DONE
Test 7-7
BasicGoalsTest > Test a map with a treasure goal, but no treasure is automatically achieved FAILED org.opentest4j.AssertionFailedError: expected: <> but was: <:treasure> at org.junit.jupiter.api.AssertionUtils.fail(AssertionUtils.java:55) at org.junit.jupiter.api.AssertionUtils.failNotEqual(AssertionUtils.java:62) at org.junit.jupiter.api.AssertEquals.assertEquals(AssertEquals.java:182) at org.junit.jupiter.api.AssertEquals.assertEquals(AssertEquals.java:177) at org.junit.jupiter.api.Assertions.assertEquals(Assertions.java:1141) at dungeonmania.controllerTest.BasicGoalsTest.testTreasureGoalNoTreasure(BasicGoalsTest.java:161) FAILURE DONE 1 test completed, 1 failed FAILURE: Build failed with an exception. README.md assumptions-m1.md assumptions-m2.pdf build build.gradle design-m1.pdf design-m2.pdf gradle gradlew gradlew.bat meeting-minutes.md planning-m2.pdf saveDataTemplate.json src What went wrong: Execution failed for task ':test'. > There were failing tests. See the report at: file:///Users/braedonwooding/project-automarking/f11a_celery/build/reports/tests/test/index.html README.md assumptions-m1.md assumptions-m2.pdf build build.gradle design-m1.pdf design-m2.pdf gradle gradlew gradlew.bat meeting-minutes.md planning-m2.pdf saveDataTemplate.json src Try: Run with --stacktrace option to get the stack trace. Run with --info or --debug option to get more log output. Run with --scan to get full insights. README.md assumptions-m1.md assumptions-m2.pdf build build.gradle design-m1.pdf design-m2.pdf gradle gradlew gradlew.bat meeting-minutes.md planning-m2.pdf saveDataTemplate.json src Get more help at https://help.gradle.org BUILD FAILED in 5s
Test 7-8
SUCCESS DONE
Test 7-9
SUCCESS DONE
Test 8-1
SUCCESS DONE
Test 8-2
SUCCESS DONE
Test 8-3
SUCCESS DONE
Test 8-4
SUCCESS DONE
Test 9-1
SUCCESS DONE
Test 9-2
SUCCESS DONE
Test 9-3
SUCCESS DONE
Test 10-1
SUCCESS DONE
Test 10-2
SUCCESS DONE
Test 10-3
SUCCESS DONE
Test 10-4
SUCCESS DONE
Test 10-5
SUCCESS DONE
Test 10-6
SUCCESS DONE
Test 10-7
SUCCESS DONE
Test 10-8
BombsTest > 10-8 Test placing a bomb diagonally adjacent to an inactive switch does not cause the bomb to explode FAILED org.opentest4j.AssertionFailedError: expected: <1> but was: <0> at org.junit.jupiter.api.AssertionUtils.fail(AssertionUtils.java:55) at org.junit.jupiter.api.AssertionUtils.failNotEqual(AssertionUtils.java:62) at org.junit.jupiter.api.AssertEquals.assertEquals(AssertEquals.java:150) at org.junit.jupiter.api.AssertEquals.assertEquals(AssertEquals.java:145) at org.junit.jupiter.api.Assertions.assertEquals(Assertions.java:527) at dungeonmania.controllerTest.BombsTest.testBombPlaceMapDiagonallyAdjacentInactiveSwitch(BombsTest.java:229) FAILURE DONE 1 test completed, 1 failed FAILURE: Build failed with an exception. README.md assumptions-m1.md assumptions-m2.pdf build build.gradle design-m1.pdf design-m2.pdf gradle gradlew gradlew.bat meeting-minutes.md planning-m2.pdf saveDataTemplate.json src What went wrong: Execution failed for task ':test'. > There were failing tests. See the report at: file:///Users/braedonwooding/project-automarking/f11a_celery/build/reports/tests/test/index.html README.md assumptions-m1.md assumptions-m2.pdf build build.gradle design-m1.pdf design-m2.pdf gradle gradlew gradlew.bat meeting-minutes.md planning-m2.pdf saveDataTemplate.json src Try: Run with --stacktrace option to get the stack trace. Run with --info or --debug option to get more log output. Run with --scan to get full insights. README.md assumptions-m1.md assumptions-m2.pdf build build.gradle design-m1.pdf design-m2.pdf gradle gradlew gradlew.bat meeting-minutes.md planning-m2.pdf saveDataTemplate.json src Get more help at https://help.gradle.org BUILD FAILED in 5s
Test 11-1
SUCCESS DONE
Test 11-2
SUCCESS DONE
Test 11-3
SUCCESS DONE
Test 12-1
SUCCESS DONE
Test 12-2
SUCCESS DONE
Test 12-3
SaveLoadTest > 12-3 Test saving and loading a map with enemies and collectables FAILED org.opentest4j.AssertionFailedError: expected: <true> but was: <false> at org.junit.jupiter.api.AssertionUtils.fail(AssertionUtils.java:55) at org.junit.jupiter.api.AssertTrue.assertTrue(AssertTrue.java:40) at org.junit.jupiter.api.AssertTrue.assertTrue(AssertTrue.java:35) at org.junit.jupiter.api.Assertions.assertTrue(Assertions.java:179) at dungeonmania.controllerTest.SaveLoadTest.testAdvancedSave(SaveLoadTest.java:71) FAILURE DONE 1 test completed, 1 failed FAILURE: Build failed with an exception. README.md assumptions-m1.md assumptions-m2.pdf build build.gradle design-m1.pdf design-m2.pdf gradle gradlew gradlew.bat meeting-minutes.md planning-m2.pdf saveDataTemplate.json savedGames src What went wrong: Execution failed for task ':test'. > There were failing tests. See the report at: file:///Users/braedonwooding/project-automarking/f11a_celery/build/reports/tests/test/index.html README.md assumptions-m1.md assumptions-m2.pdf build build.gradle design-m1.pdf design-m2.pdf gradle gradlew gradlew.bat meeting-minutes.md planning-m2.pdf saveDataTemplate.json savedGames src Try: Run with --stacktrace option to get the stack trace. Run with --info or --debug option to get more log output. Run with --scan to get full insights. README.md assumptions-m1.md assumptions-m2.pdf build build.gradle design-m1.pdf design-m2.pdf gradle gradlew gradlew.bat meeting-minutes.md planning-m2.pdf saveDataTemplate.json savedGames src Get more help at https://help.gradle.org BUILD FAILED in 25s
Test 12-4
SUCCESS DONE
Test 13-1
SUCCESS DONE
Test 13-2
SUCCESS DONE
Test 13-3
SUCCESS DONE
Test 13-4
SUCCESS DONE
Test 13-5
SUCCESS DONE
Test 13-6
SUCCESS DONE
Test 13-7
SUCCESS DONE
Test 14-1
SUCCESS DONE
Test 14-2
SUCCESS DONE
Test 14-3
SUCCESS DONE
Test 14-4
SUCCESS DONE
Test 14-5
SUCCESS DONE
Test 14-6
SUCCESS DONE
Test 15-1
SUCCESS DONE
Test 15-2
SUCCESS DONE
Test 15-3
SUCCESS DONE
Test 15-4
SUCCESS DONE
Test 15-5
SUCCESS DONE
Test 15-6
SUCCESS DONE
Test 15-7
SUCCESS DONE
Test 15-8
ComplexGoalsTest > 15-8 Testing a map with ENEMIES or EXIT goal FAILED org.opentest4j.AssertionFailedError: expected: <> but was: <(:exit OR :enemy)> at org.junit.jupiter.api.AssertionUtils.fail(AssertionUtils.java:55) at org.junit.jupiter.api.AssertionUtils.failNotEqual(AssertionUtils.java:62) at org.junit.jupiter.api.AssertEquals.assertEquals(AssertEquals.java:182) at org.junit.jupiter.api.AssertEquals.assertEquals(AssertEquals.java:177) at org.junit.jupiter.api.Assertions.assertEquals(Assertions.java:1141) at dungeonmania.controllerTest.ComplexGoalsTest.testExitOrEnemyGoal(ComplexGoalsTest.java:164) FAILURE DONE 1 test completed, 1 failed FAILURE: Build failed with an exception. README.md assumptions-m1.md assumptions-m2.pdf build build.gradle design-m1.pdf design-m2.pdf gradle gradlew gradlew.bat meeting-minutes.md planning-m2.pdf saveDataTemplate.json savedGames src What went wrong: Execution failed for task ':test'. > There were failing tests. See the report at: file:///Users/braedonwooding/project-automarking/f11a_celery/build/reports/tests/test/index.html README.md assumptions-m1.md assumptions-m2.pdf build build.gradle design-m1.pdf design-m2.pdf gradle gradlew gradlew.bat meeting-minutes.md planning-m2.pdf saveDataTemplate.json savedGames src Try: Run with --stacktrace option to get the stack trace. Run with --info or --debug option to get more log output. Run with --scan to get full insights. README.md assumptions-m1.md assumptions-m2.pdf build build.gradle design-m1.pdf design-m2.pdf gradle gradlew gradlew.bat meeting-minutes.md planning-m2.pdf saveDataTemplate.json savedGames src Get more help at https://help.gradle.org BUILD FAILED in 24s
Test 15-9
ComplexGoalsTest > 15-9 Testing a map with EXIT or SWITCH goal FAILED org.opentest4j.AssertionFailedError: expected: <> but was: <(:exit OR :switch)> at org.junit.jupiter.api.AssertionUtils.fail(AssertionUtils.java:55) at org.junit.jupiter.api.AssertionUtils.failNotEqual(AssertionUtils.java:62) at org.junit.jupiter.api.AssertEquals.assertEquals(AssertEquals.java:182) at org.junit.jupiter.api.AssertEquals.assertEquals(AssertEquals.java:177) at org.junit.jupiter.api.Assertions.assertEquals(Assertions.java:1141) at dungeonmania.controllerTest.ComplexGoalsTest.testExitOrSwitchGoal(ComplexGoalsTest.java:176) FAILURE DONE 1 test completed, 1 failed FAILURE: Build failed with an exception. README.md assumptions-m1.md assumptions-m2.pdf build build.gradle design-m1.pdf design-m2.pdf gradle gradlew gradlew.bat meeting-minutes.md planning-m2.pdf saveDataTemplate.json savedGames src What went wrong: Execution failed for task ':test'. > There were failing tests. See the report at: file:///Users/braedonwooding/project-automarking/f11a_celery/build/reports/tests/test/index.html README.md assumptions-m1.md assumptions-m2.pdf build build.gradle design-m1.pdf design-m2.pdf gradle gradlew gradlew.bat meeting-minutes.md planning-m2.pdf saveDataTemplate.json savedGames src Try: Run with --stacktrace option to get the stack trace. Run with --info or --debug option to get more log output. Run with --scan to get full insights. README.md assumptions-m1.md assumptions-m2.pdf build build.gradle design-m1.pdf design-m2.pdf gradle gradlew gradlew.bat meeting-minutes.md planning-m2.pdf saveDataTemplate.json savedGames src Get more help at https://help.gradle.org BUILD FAILED in 6s
Test 15-10
SUCCESS DONE
Test 15-11
ComplexGoalsTest > 15-11 Testing a map with ENEMIES or SWITCH goal FAILED org.opentest4j.AssertionFailedError: expected: <> but was: <(:enemy OR :switch)> at org.junit.jupiter.api.AssertionUtils.fail(AssertionUtils.java:55) at org.junit.jupiter.api.AssertionUtils.failNotEqual(AssertionUtils.java:62) at org.junit.jupiter.api.AssertEquals.assertEquals(AssertEquals.java:182) at org.junit.jupiter.api.AssertEquals.assertEquals(AssertEquals.java:177) at org.junit.jupiter.api.Assertions.assertEquals(Assertions.java:1141) at dungeonmania.controllerTest.ComplexGoalsTest.testEnemiesOrSwitchGoal(ComplexGoalsTest.java:201) FAILURE DONE 1 test completed, 1 failed FAILURE: Build failed with an exception. README.md assumptions-m1.md assumptions-m2.pdf build build.gradle design-m1.pdf design-m2.pdf gradle gradlew gradlew.bat meeting-minutes.md planning-m2.pdf saveDataTemplate.json savedGames src What went wrong: Execution failed for task ':test'. > There were failing tests. See the report at: file:///Users/braedonwooding/project-automarking/f11a_celery/build/reports/tests/test/index.html README.md assumptions-m1.md assumptions-m2.pdf build build.gradle design-m1.pdf design-m2.pdf gradle gradlew gradlew.bat meeting-minutes.md planning-m2.pdf saveDataTemplate.json savedGames src Try: Run with --stacktrace option to get the stack trace. Run with --info or --debug option to get more log output. Run with --scan to get full insights. README.md assumptions-m1.md assumptions-m2.pdf build build.gradle design-m1.pdf design-m2.pdf gradle gradlew gradlew.bat meeting-minutes.md planning-m2.pdf saveDataTemplate.json savedGames src Get more help at https://help.gradle.org BUILD FAILED in 6s
Test 15-12
ComplexGoalsTest > 15-12 Testing a map with ENEMIES or TREASURE goal FAILED org.opentest4j.AssertionFailedError: expected: <> but was: <(:enemy OR :treasure)> at org.junit.jupiter.api.AssertionUtils.fail(AssertionUtils.java:55) at org.junit.jupiter.api.AssertionUtils.failNotEqual(AssertionUtils.java:62) at org.junit.jupiter.api.AssertEquals.assertEquals(AssertEquals.java:182) at org.junit.jupiter.api.AssertEquals.assertEquals(AssertEquals.java:177) at org.junit.jupiter.api.Assertions.assertEquals(Assertions.java:1141) at dungeonmania.controllerTest.ComplexGoalsTest.testEnemiesOrTreasureGoal(ComplexGoalsTest.java:214) FAILURE DONE 1 test completed, 1 failed FAILURE: Build failed with an exception. README.md assumptions-m1.md assumptions-m2.pdf build build.gradle design-m1.pdf design-m2.pdf gradle gradlew gradlew.bat meeting-minutes.md planning-m2.pdf saveDataTemplate.json savedGames src What went wrong: Execution failed for task ':test'. > There were failing tests. See the report at: file:///Users/braedonwooding/project-automarking/f11a_celery/build/reports/tests/test/index.html README.md assumptions-m1.md assumptions-m2.pdf build build.gradle design-m1.pdf design-m2.pdf gradle gradlew gradlew.bat meeting-minutes.md planning-m2.pdf saveDataTemplate.json savedGames src Try: Run with --stacktrace option to get the stack trace. Run with --info or --debug option to get more log output. Run with --scan to get full insights. README.md assumptions-m1.md assumptions-m2.pdf build build.gradle design-m1.pdf design-m2.pdf gradle gradlew gradlew.bat meeting-minutes.md planning-m2.pdf saveDataTemplate.json savedGames src Get more help at https://help.gradle.org BUILD FAILED in 6s
Test 15-13
ComplexGoalsTest > 15-13 Testing a map with SWTICH or TREASURE goal FAILED org.opentest4j.AssertionFailedError: expected: <> but was: <(:switch OR :treasure)> at org.junit.jupiter.api.AssertionUtils.fail(AssertionUtils.java:55) at org.junit.jupiter.api.AssertionUtils.failNotEqual(AssertionUtils.java:62) at org.junit.jupiter.api.AssertEquals.assertEquals(AssertEquals.java:182) at org.junit.jupiter.api.AssertEquals.assertEquals(AssertEquals.java:177) at org.junit.jupiter.api.Assertions.assertEquals(Assertions.java:1141) at dungeonmania.controllerTest.ComplexGoalsTest.testSwitchOrTreasureGoal(ComplexGoalsTest.java:227) FAILURE DONE 1 test completed, 1 failed FAILURE: Build failed with an exception. README.md assumptions-m1.md assumptions-m2.pdf build build.gradle design-m1.pdf design-m2.pdf gradle gradlew gradlew.bat meeting-minutes.md planning-m2.pdf saveDataTemplate.json savedGames src What went wrong: Execution failed for task ':test'. > There were failing tests. See the report at: file:///Users/braedonwooding/project-automarking/f11a_celery/build/reports/tests/test/index.html README.md assumptions-m1.md assumptions-m2.pdf build build.gradle design-m1.pdf design-m2.pdf gradle gradlew gradlew.bat meeting-minutes.md planning-m2.pdf saveDataTemplate.json savedGames src Try: Run with --stacktrace option to get the stack trace. Run with --info or --debug option to get more log output. Run with --scan to get full insights. README.md assumptions-m1.md assumptions-m2.pdf build build.gradle design-m1.pdf design-m2.pdf gradle gradlew gradlew.bat meeting-minutes.md planning-m2.pdf saveDataTemplate.json savedGames src Get more help at https://help.gradle.org BUILD FAILED in 5s
Test 15-14
ComplexGoalsTest > 15-14 Testing a map with EXIT or TREASURE or SWITCH goal FAILED org.opentest4j.AssertionFailedError: expected: <> but was: <(:exit OR (:enemy OR (:switch OR :treasure)))> at org.junit.jupiter.api.AssertionUtils.fail(AssertionUtils.java:55) at org.junit.jupiter.api.AssertionUtils.failNotEqual(AssertionUtils.java:62) at org.junit.jupiter.api.AssertEquals.assertEquals(AssertEquals.java:182) at org.junit.jupiter.api.AssertEquals.assertEquals(AssertEquals.java:177) at org.junit.jupiter.api.Assertions.assertEquals(Assertions.java:1141) at dungeonmania.controllerTest.ComplexGoalsTest.testEnemiesOrExitOrTreasureOrSwitchGoal(ComplexGoalsTest.java:247) FAILURE DONE 1 test completed, 1 failed FAILURE: Build failed with an exception. README.md assumptions-m1.md assumptions-m2.pdf build build.gradle design-m1.pdf design-m2.pdf gradle gradlew gradlew.bat meeting-minutes.md planning-m2.pdf saveDataTemplate.json savedGames src What went wrong: Execution failed for task ':test'. > There were failing tests. See the report at: file:///Users/braedonwooding/project-automarking/f11a_celery/build/reports/tests/test/index.html README.md assumptions-m1.md assumptions-m2.pdf build build.gradle design-m1.pdf design-m2.pdf gradle gradlew gradlew.bat meeting-minutes.md planning-m2.pdf saveDataTemplate.json savedGames src Try: Run with --stacktrace option to get the stack trace. Run with --info or --debug option to get more log output. Run with --scan to get full insights. README.md assumptions-m1.md assumptions-m2.pdf build build.gradle design-m1.pdf design-m2.pdf gradle gradlew gradlew.bat meeting-minutes.md planning-m2.pdf saveDataTemplate.json savedGames src Get more help at https://help.gradle.org BUILD FAILED in 5s
Test 15-15
SUCCESS DONE
Test 15-16
ComplexGoalsTest > 15-16 Testing a map with ENEMEIS AND (TREASURE OR SWITCH) goal FAILED org.opentest4j.AssertionFailedError: expected: <47> but was: <5> at org.junit.jupiter.api.AssertionUtils.fail(AssertionUtils.java:55) at org.junit.jupiter.api.AssertionUtils.failNotEqual(AssertionUtils.java:62) at org.junit.jupiter.api.AssertEquals.assertEquals(AssertEquals.java:150) at org.junit.jupiter.api.AssertEquals.assertEquals(AssertEquals.java:145) at org.junit.jupiter.api.Assertions.assertEquals(Assertions.java:527) at dungeonmania.controllerTest.ComplexGoalsTest.testExitAndEnemiesAndTreasureOrSwitchGoal(ComplexGoalsTest.java:286) FAILURE DONE 1 test completed, 1 failed FAILURE: Build failed with an exception. README.md assumptions-m1.md assumptions-m2.pdf build build.gradle design-m1.pdf design-m2.pdf gradle gradlew gradlew.bat meeting-minutes.md planning-m2.pdf saveDataTemplate.json savedGames src What went wrong: Execution failed for task ':test'. > There were failing tests. See the report at: file:///Users/braedonwooding/project-automarking/f11a_celery/build/reports/tests/test/index.html README.md assumptions-m1.md assumptions-m2.pdf build build.gradle design-m1.pdf design-m2.pdf gradle gradlew gradlew.bat meeting-minutes.md planning-m2.pdf saveDataTemplate.json savedGames src Try: Run with --stacktrace option to get the stack trace. Run with --info or --debug option to get more log output. Run with --scan to get full insights. README.md assumptions-m1.md assumptions-m2.pdf build build.gradle design-m1.pdf design-m2.pdf gradle gradlew gradlew.bat meeting-minutes.md planning-m2.pdf saveDataTemplate.json savedGames src Get more help at https://help.gradle.org BUILD FAILED in 4s
Test 16-1
SUCCESS DONE
Test 16-2
BattleTest > 16-2 Test player battles zombie and player or zombie dies FAILED org.opentest4j.AssertionFailedError: expected: <true> but was: <false> at org.junit.jupiter.api.AssertionUtils.fail(AssertionUtils.java:55) at org.junit.jupiter.api.AssertTrue.assertTrue(AssertTrue.java:40) at org.junit.jupiter.api.AssertTrue.assertTrue(AssertTrue.java:35) at org.junit.jupiter.api.Assertions.assertTrue(Assertions.java:179) at dungeonmania.controllerTest.BattleTest.testPlayerOrZombieDiesWhenBattle(BattleTest.java:75) FAILURE DONE 1 test completed, 1 failed FAILURE: Build failed with an exception. README.md assumptions-m1.md assumptions-m2.pdf build build.gradle design-m1.pdf design-m2.pdf gradle gradlew gradlew.bat meeting-minutes.md planning-m2.pdf saveDataTemplate.json savedGames src What went wrong: Execution failed for task ':test'. > There were failing tests. See the report at: file:///Users/braedonwooding/project-automarking/f11a_celery/build/reports/tests/test/index.html README.md assumptions-m1.md assumptions-m2.pdf build build.gradle design-m1.pdf design-m2.pdf gradle gradlew gradlew.bat meeting-minutes.md planning-m2.pdf saveDataTemplate.json savedGames src Try: Run with --stacktrace option to get the stack trace. Run with --info or --debug option to get more log output. Run with --scan to get full insights. README.md assumptions-m1.md assumptions-m2.pdf build build.gradle design-m1.pdf design-m2.pdf gradle gradlew gradlew.bat meeting-minutes.md planning-m2.pdf saveDataTemplate.json savedGames src Get more help at https://help.gradle.org BUILD FAILED in 5s
Test 16-3
SUCCESS DONE
Test 16-4
BattleTest > 16-4 Test player wins a battle against a spider with an invinicibility potion FAILED org.opentest4j.AssertionFailedError: expected: <0> but was: <1> at org.junit.jupiter.api.AssertionUtils.fail(AssertionUtils.java:55) at org.junit.jupiter.api.AssertionUtils.failNotEqual(AssertionUtils.java:62) at org.junit.jupiter.api.AssertEquals.assertEquals(AssertEquals.java:150) at org.junit.jupiter.api.AssertEquals.assertEquals(AssertEquals.java:145) at org.junit.jupiter.api.Assertions.assertEquals(Assertions.java:527) at dungeonmania.controllerTest.BattleTest.testPlayerWinsSpiderBattleWithInvincibilityPotion(BattleTest.java:129) FAILURE DONE 1 test completed, 1 failed FAILURE: Build failed with an exception. README.md assumptions-m1.md assumptions-m2.pdf build build.gradle design-m1.pdf design-m2.pdf gradle gradlew gradlew.bat meeting-minutes.md planning-m2.pdf saveDataTemplate.json savedGames src What went wrong: Execution failed for task ':test'. > There were failing tests. See the report at: file:///Users/braedonwooding/project-automarking/f11a_celery/build/reports/tests/test/index.html README.md assumptions-m1.md assumptions-m2.pdf build build.gradle design-m1.pdf design-m2.pdf gradle gradlew gradlew.bat meeting-minutes.md planning-m2.pdf saveDataTemplate.json savedGames src Try: Run with --stacktrace option to get the stack trace. Run with --info or --debug option to get more log output. Run with --scan to get full insights. README.md assumptions-m1.md assumptions-m2.pdf build build.gradle design-m1.pdf design-m2.pdf gradle gradlew gradlew.bat meeting-minutes.md planning-m2.pdf saveDataTemplate.json savedGames src Get more help at https://help.gradle.org BUILD FAILED in 4s
Test 16-5
SUCCESS DONE
Test 16-6
SUCCESS DONE
Test 16-7
BattleTest > 16-7 Test the player dies after battling 30 enemies consecutively FAILED java.lang.NullPointerException: Cannot invoke "dungeonmania.entities.Player.isInvincible()" because "player" is null at dungeonmania.entities.movingEntity.ZombieToast.move(ZombieToast.java:63) at dungeonmania.DungeonManiaController.tick(DungeonManiaController.java:712) at dungeonmania.controllerTest.Utils.tick(Utils.java:20) at dungeonmania.controllerTest.BattleTest.testPlayerDiesAfterBattlingThirtyEnemiesConsecutively(BattleTest.java:194) FAILURE DONE 1 test completed, 1 failed FAILURE: Build failed with an exception. README.md assumptions-m1.md assumptions-m2.pdf build build.gradle design-m1.pdf design-m2.pdf gradle gradlew gradlew.bat meeting-minutes.md planning-m2.pdf saveDataTemplate.json savedGames src What went wrong: Execution failed for task ':test'. > There were failing tests. See the report at: file:///Users/braedonwooding/project-automarking/f11a_celery/build/reports/tests/test/index.html README.md assumptions-m1.md assumptions-m2.pdf build build.gradle design-m1.pdf design-m2.pdf gradle gradlew gradlew.bat meeting-minutes.md planning-m2.pdf saveDataTemplate.json savedGames src Try: Run with --stacktrace option to get the stack trace. Run with --info or --debug option to get more log output. Run with --scan to get full insights. README.md assumptions-m1.md assumptions-m2.pdf build build.gradle design-m1.pdf design-m2.pdf gradle gradlew gradlew.bat meeting-minutes.md planning-m2.pdf saveDataTemplate.json savedGames src Get more help at https://help.gradle.org BUILD FAILED in 6s
